<?xml version="1.0" encoding="UTF-8"?>
<testng-results ignored="0" total="1" passed="1" failed="0" skipped="0">
  <reporter-output>
  </reporter-output>
  <suite started-at="2024-08-16T19:38:49Z" name="Default suite" finished-at="2024-08-16T19:38:56Z" duration-ms="6306">
    <groups>
    </groups>
    <test started-at="2024-08-16T19:38:49Z" name="Default test" finished-at="2024-08-16T19:38:56Z" duration-ms="6306">
      <class name="searchpage.SearchSelenium">
        <test-method is-config="true" signature="setup()[pri:0, instance:searchpage.SearchSelenium@62010f5c]" started-at="2024-08-16T19:38:49Z" name="setup" finished-at="2024-08-16T19:38:51Z" duration-ms="1799" status="PASS">
          <reporter-output>
          </reporter-output>
        </test-method> <!-- setup -->
        <test-method signature="testSearchFunctionality()[pri:0, instance:searchpage.SearchSelenium@62010f5c]" started-at="2024-08-16T19:38:51Z" name="testSearchFunctionality" finished-at="2024-08-16T19:38:56Z" duration-ms="4486" status="PASS">
          <reporter-output>
          </reporter-output>
        </test-method> <!-- testSearchFunctionality -->
      </class> <!-- searchpage.SearchSelenium -->
    </test> <!-- Default test -->
  </suite> <!-- Default suite -->
</testng-results>
